Arguments: 
  C:\Program Files\nodejs\node.exe C:\Users\jaycenm\AppData\Roaming\npm\node_modules\yarn\bin\yarn.js add axios

PATH: 
  C:\Program Files\Common Files\Microsoft Shared\Windows Live;C:\Program Files (x86)\Common Files\Microsoft Shared\Windows Live;C:\ProgramData\Oracle\Java\javapath;c:\Program Files (x86)\AMD APP\bin\x86_64;c:\Program Files (x86)\AMD APP\bin\x86;C:\Program Files (x86)\Intel\iCLS Client\;C:\Program Files\Intel\iCLS Client\;C:\Windows\system32;C:\Windows;C:\Windows\System32\Wbem;C:\Windows\System32\WindowsPowerShell\v1.0\;C:\Program Files\Intel\Intel(R) Management Engine Components\DAL;C:\Program Files (x86)\Intel\Intel(R) Management Engine Components\DAL;C:\Program Files\Intel\Intel(R) Management Engine Components\IPT;C:\Program Files (x86)\Intel\Intel(R) Management Engine Components\IPT;c:\Program Files (x86)\ATI Technologies\ATI.ACE\Core-Static;C:\Program Files (x86)\Google\Google Apps Sync\;C:\Program Files (x86)\Google\Google Apps Migration\;C:\Program Files (x86)\GtkSharp\2.12\bin;C:\Program Files (x86)\Windows Live\Shared;C:\Program Files (x86)\Brackets\command;C:\Program Files\Git\cmd;C:\Program Files\nodejs\;C:\Program Files\PuTTY\;C:\Program Files\MongoDB\Server\3.4\bin;C:\Users\jaycenm\AppData\Roaming\npm;C:\Users\jaycenm\AppData\Local\Programs\Python\Python36-32\Scripts\;C:\Users\jaycenm\AppData\Local\Programs\Python\Python36-32\;C:\Program Files\PostgreSQL\9.6\bin;C:\Program Files\Heroku\bin;\\cyclops\tsuserfolders\jaycenm\Application Data\npm;C:\Program Files\Microsoft VS Code\bin

Yarn version: 
  1.1.0

Node version: 
  8.4.0

Platform: 
  win32 x64

npm manifest: 
  {
    "name": "react-practice",
    "version": "0.1.0",
    "private": true,
    "dependencies": {
      "react": "^16.0.0",
      "react-dom": "^16.0.0",
      "react-scripts": "1.0.14"
    },
    "scripts": {
      "start": "react-scripts start",
      "build": "react-scripts build",
      "test": "react-scripts test --env=jsdom",
      "eject": "react-scripts eject"
    }
  }

yarn manifest: 
  No manifest

Lockfile: 
  No lockfile

Trace: 
  Error: EPERM: operation not permitted, open 'C:\Users\jaycenm\Git Hub Repositories\NYT-Reach-Search\client\node_modules\.bin\jest'
